2023-06-29 05:59:09,667 - __main__ - INFO - started training
2023-06-29 05:59:09,701 - __main__ - INFO - Saved model and weights to file location: models/1L_152_ws_16_step_9_lr_0.002_bs_2068/1L_152_ws_16_step_9_lr_0.002_bs_2068_2023-06-29-05-59
2023-06-29 08:21:20,870 - __main__ - INFO - max validation AUC_PR : 0.5147364735603333
2023-06-29 08:21:56,888 - __main__ - INFO - Finished training
2023-06-29 08:21:56,888 - __main__ - INFO - ----------------------------------------------------------------------------------------------------
2023-06-29 08:21:56,888 - __main__ - INFO - LSTM configuration : 1L_152, Window size : 16, step = 9, learning rate = 0.002, batch size = 2068, dropout = 0.64
2023-06-29 08:21:56,888 - __main__ - INFO - TP = 3125.0, FP = 2370.0, TN = 317571.0, FN = 67.0 
2023-06-29 08:21:56,888 - __main__ - INFO - loss = 0.021689822897315025, PR = 0.5122228860855103
2023-06-29 08:21:56,888 - __main__ - INFO - recall = 0.9790100250626567, miss_rate = 0.020989974937343357, fbeta = 0.9131285977266751, fall_out = 0.0074076157791592824 
2023-06-29 08:21:56,888 - __main__ - INFO - ----------------------------------------------------------------------------------------------------
2023-06-29 08:21:57,220 - __main__ - INFO - made figures and stored store in directory reports/figures
2023-06-29 08:44:07,274 - __main__ - INFO - started training
2023-06-29 08:44:07,306 - __main__ - INFO - Saved model and weights to file location: models/1L_152_ws_16_step_9_lr_0.002_bs_2068/1L_152_ws_16_step_9_lr_0.002_bs_2068_2023-06-29-08-44
2023-06-29 15:44:10,174 - __main__ - INFO - max validation AUC_PR : 0.6598026156425476
2023-06-29 15:44:45,236 - __main__ - INFO - Finished training
2023-06-29 15:44:45,236 - __main__ - INFO - ----------------------------------------------------------------------------------------------------
2023-06-29 15:44:45,236 - __main__ - INFO - LSTM configuration : 1L_152, Window size : 16, step = 9, learning rate = 0.002, batch size = 2068, dropout = 0.64
2023-06-29 15:44:45,236 - __main__ - INFO - TP = 3113.0, FP = 1942.0, TN = 317999.0, FN = 79.0 
2023-06-29 15:44:45,236 - __main__ - INFO - loss = 0.0194485355168581, AUC_PR = 0.575169563293457
2023-06-29 15:44:45,236 - __main__ - INFO - recall = 0.975250626566416, miss_rate = 0.02474937343358396, fbeta = 0.9214693780895715, fall_out = 0.006069869132121235 
2023-06-29 15:44:45,236 - __main__ - INFO - ----------------------------------------------------------------------------------------------------
2023-06-29 15:44:45,862 - __main__ - INFO - made figures and stored store in directory reports/figures
2023-06-29 17:07:10,405 - __main__ - INFO - started training
2023-06-29 17:14:36,285 - __main__ - INFO - Saved model and weights to file location: models/1L_152_ws_16_step_9_lr_0.002_bs_2068/1L_152_ws_16_step_9_lr_0.002_bs_2068_2023-06-29-17-14
2023-06-29 17:14:36,285 - __main__ - INFO - max validation AUC_PR : 0.22687338292598724
2023-06-29 17:15:12,265 - __main__ - INFO - Finished training
2023-06-29 17:15:12,265 - __main__ - INFO - ----------------------------------------------------------------------------------------------------
2023-06-29 17:15:12,265 - __main__ - INFO - LSTM configuration : 1L_152, Window size : 16, step = 9, learning rate = 0.002, batch size = 2068, dropout = 0.64
2023-06-29 17:15:12,265 - __main__ - INFO - TP = 3126.0, FP = 7786.0, TN = 312155.0, FN = 66.0 
2023-06-29 17:15:12,265 - __main__ - INFO - loss = 0.07932409644126892, AUC_PR = 0.22687338292598724
2023-06-29 17:15:12,265 - __main__ - INFO - recall = 0.9793233082706767, miss_rate = 0.020676691729323307, fbeta = 0.7885973763874874, fall_out = 0.02433573690149121 
2023-06-29 17:15:12,265 - __main__ - INFO - ----------------------------------------------------------------------------------------------------
2023-06-29 17:15:12,607 - __main__ - INFO - made figures and stored store in directory reports/figures
2023-06-29 17:18:52,116 - __main__ - INFO - started training
2023-06-29 17:26:02,166 - __main__ - INFO - Saved model and weights to file location: models/1L_152_ws_16_step_9_lr_0.002_bs_2068/1L_152_ws_16_step_9_lr_0.002_bs_2068_2023-06-29-17-26
2023-06-29 17:26:02,166 - __main__ - INFO - max validation AUC_PR : 0.19862568378448486
2023-06-29 17:26:37,999 - __main__ - INFO - Finished training
2023-06-29 17:26:37,999 - __main__ - INFO - ----------------------------------------------------------------------------------------------------
2023-06-29 17:26:37,999 - __main__ - INFO - LSTM configuration : 1L_152, Window size : 16, step = 9, learning rate = 0.002, batch size = 2068, dropout = 0.64
2023-06-29 17:26:37,999 - __main__ - INFO - TP = 3143.0, FP = 8850.0, TN = 311091.0, FN = 49.0 
2023-06-29 17:26:37,999 - __main__ - INFO - loss = 0.08028386533260345, AUC_PR = 0.19862568378448486
2023-06-29 17:26:37,999 - __main__ - INFO - recall = 0.9846491228070176, miss_rate = 0.015350877192982455, fbeta = 0.7718376267773385, fall_out = 0.027661350061417574 
2023-06-29 17:26:37,999 - __main__ - INFO - ----------------------------------------------------------------------------------------------------
2023-06-29 17:26:38,363 - __main__ - INFO - made figures and stored store in directory reports/figures
2023-06-29 17:42:28,729 - __main__ - INFO - started training
2023-06-30 04:19:56,773 - __main__ - INFO - Saved model and weights to file location: models/1L_152_ws_16_step_9_lr_0.002_bs_2068/1L_152_ws_16_step_9_lr_0.002_bs_2068_2023-06-30-04-19
2023-06-30 04:19:56,773 - __main__ - INFO - max validation AUC_PR : 0.7537930607795715
2023-06-30 04:20:33,725 - __main__ - INFO - Finished training
2023-06-30 04:20:33,725 - __main__ - INFO - ----------------------------------------------------------------------------------------------------
2023-06-30 04:20:33,725 - __main__ - INFO - LSTM configuration : 1L_152, Window size : 16, step = 9, learning rate = 0.002, batch size = 2068, dropout = 0.64
2023-06-30 04:20:33,725 - __main__ - INFO - TP = 3095.0, FP = 1312.0, TN = 318629.0, FN = 97.0 
2023-06-30 04:20:33,725 - __main__ - INFO - loss = 0.01879688911139965, AUC_PR = 0.6564914584159851
2023-06-30 04:20:33,726 - __main__ - INFO - recall = 0.9696115288220551, miss_rate = 0.03038847117794486, fbeta = 0.9340576429757055, fall_out = 0.004100756076901679 
2023-06-30 04:20:33,726 - __main__ - INFO - ----------------------------------------------------------------------------------------------------
2023-06-30 04:20:34,046 - __main__ - INFO - made figures and stored store in directory reports/figures
2023-07-01 12:34:39,103 - __main__ - INFO - started training
2023-07-02 00:03:05,529 - __main__ - INFO - Saved model and weights to file location: models/1L_152_ws_16_step_9_lr_0.002_bs_2068/1L_152_ws_16_step_9_lr_0.002_bs_2068_2023-07-02-00-03
2023-07-02 00:03:05,529 - __main__ - INFO - max validation AUC_PR : 0.717058002948761
2023-07-02 00:03:41,711 - __main__ - INFO - Finished training
2023-07-02 00:03:41,711 - __main__ - INFO - ----------------------------------------------------------------------------------------------------
2023-07-02 00:03:41,711 - __main__ - INFO - LSTM configuration : 1L_152, Window size : 16, step = 9, learning rate = 0.002, batch size = 2068, dropout = 0.64
2023-07-02 00:03:41,711 - __main__ - INFO - TP = 3096.0, FP = 1849.0, TN = 318092.0, FN = 96.0 
2023-07-02 00:03:41,711 - __main__ - INFO - loss = 0.02186734788119793, AUC_PR = 0.5879070162773132
2023-07-02 00:03:41,711 - __main__ - INFO - recall = 0.9699248120300752, miss_rate = 0.03007518796992481, fbeta = 0.9194309981290648, fall_out = 0.0057791905382554905 
2023-07-02 00:03:41,711 - __main__ - INFO - ----------------------------------------------------------------------------------------------------
2023-07-02 00:36:10,397 - __main__ - INFO - started training
2023-07-02 12:05:50,489 - __main__ - INFO - Saved model and weights to file location: models/1L_152_ws_16_step_9_lr_0.002_bs_2068/1L_152_ws_16_step_9_lr_0.002_bs_2068_2023-07-02-12-05
2023-07-02 12:05:50,489 - __main__ - INFO - max validation AUC_PR : 0.7450299263000488
2023-07-02 12:06:26,774 - __main__ - INFO - Finished training
2023-07-02 12:06:26,774 - __main__ - INFO - ----------------------------------------------------------------------------------------------------
2023-07-02 12:06:26,774 - __main__ - INFO - LSTM configuration : 1L_152, Window size : 16, step = 9, learning rate = 0.002, batch size = 2068, dropout = 0.64
2023-07-02 12:06:26,774 - __main__ - INFO - TP = 3097.0, FP = 1061.0, TN = 318880.0, FN = 95.0 
2023-07-02 12:06:26,774 - __main__ - INFO - loss = 0.016226187348365784, AUC_PR = 0.709608793258667
2023-07-02 12:06:26,774 - __main__ - INFO - recall = 0.9702380952380952, miss_rate = 0.02976190476190476, fbeta = 0.9417381256461717, fall_out = 0.0033162364310919826 
2023-07-02 12:06:26,774 - __main__ - INFO - ----------------------------------------------------------------------------------------------------
2023-07-02 12:06:27,877 - __main__ - INFO - made figures and stored store in directory reports/figures
